<?xml version="1.0" encoding="UTF-8"?>
<beans xmlns="http://www.springframework.org/schema/beans"
	xmlns:xsi="http://www.w3.org/2001/XMLSchema-instance" xmlns:aop="http://www.springframework.org/schema/aop"
	xmlns:context="http://www.springframework.org/schema/context"
	xsi:schemaLocation="http://www.springframework.org/schema/beans http://www.springframework.org/schema/beans/spring-beans.xsd
		http://www.springframework.org/schema/context http://www.springframework.org/schema/context/spring-context-4.1.xsd
		http://www.springframework.org/schema/aop http://www.springframework.org/schema/aop/spring-aop-4.1.xsd">

	<import resource="db-config.xml" />

	<context:component-scan base-package="io.github.zh.cn.trio.aop">
	</context:component-scan>

	<aop:aspectj-autoproxy proxy-target-class="true">
	</aop:aspectj-autoproxy>


	<bean
		class="io.github.zh.cn.trio.aop.validation.aspect.TrioBeanAnnotationAspect"></bean>

	<bean id="errorValidation" class="test.demo.validation.ErrorValidation"></bean>


	<bean id="face" class="test.demo.face.impl.FaceImpl">

	</bean>

</beans>
