<?xml version="1.0" encoding="UTF-8"?>
<beans xmlns="http://www.springframework.org/schema/beans"
	xmlns:xsi="http://www.w3.org/2001/XMLSchema-instance" xmlns:aop="http://www.springframework.org/schema/aop"
	xmlns:context="http://www.springframework.org/schema/context"
	xmlns:task="http://www.springframework.org/schema/task"
	xsi:schemaLocation="http://www.springframework.org/schema/task http://www.springframework.org/schema/task/spring-task-4.1.xsd
		http://www.springframework.org/schema/beans http://www.springframework.org/schema/beans/spring-beans.xsd
		http://www.springframework.org/schema/context http://www.springframework.org/schema/context/spring-context-4.1.xsd
		http://www.springframework.org/schema/aop http://www.springframework.org/schema/aop/spring-aop-4.1.xsd">

	<import resource="config-simple.xml" />


	<context:component-scan base-package="io.github.zh.cn.trio.aop.function.logger">
	</context:component-scan>

	<aop:aspectj-autoproxy proxy-target-class="true">
	</aop:aspectj-autoproxy>
	
	<bean class="io.github.zh.cn.trio.aop.function.logger.aspect.TrioLoggerAnnotationAspect">
		<property name="loggerAdapter">
			<bean class="io.github.zh.cn.trio.aop.function.logger.adapter.LoggerAdapter">
				<property name="loggerFace">
					<bean class="io.github.zh.cn.trio.aop.function.logger.face.impl.Sl4jLoggerImpl"></bean>
				</property>
			</bean>
		</property>
		<property name="defaultModelString">
			<value>1</value>
		</property>
	</bean>

</beans>
